<?xml version="1.0" encoding="UTF-8"?>
<testsuite xmlns:xsi="http://www.w3.org/2001/XMLSchema-instance" xsi:noNamespaceSchemaLocation="https://maven.apache.org/surefire/maven-surefire-plugin/xsd/surefire-test-report-3.0.xsd" version="3.0" name="com.nnk.springboot.integration.UserControllerIntegrationTest" time="0.631" tests="8" errors="0" skipped="0" failures="0">
  <properties>
[...]
</properties>
  <testcase name="testValidateUserErrorForm" classname="com.nnk.springboot.integration.UserControllerIntegrationTest" time="0.015">
    <system-out><![CDATA[2025-09-06T12:33:43.569+02:00  INFO 16108 --- [           main] t.c.s.AnnotationConfigContextLoaderUtils : Could not detect default configuration classes for test class [com.nnk.springboot.integration.UserControllerIntegrationTest]: UserControllerIntegrationTest does not declare any static, non-private, non-final, nested classes annotated with @Configuration.
2025-09-06T12:33:43.571+02:00  INFO 16108 --- [           main] .b.t.c.SpringBootTestContextBootstrapper : Found @SpringBootConfiguration com.nnk.springboot.Application for test class com.nnk.springboot.integration.UserControllerIntegrationTest
Hibernate: select u1_0.id,u1_0.fullname,u1_0.password,u1_0.role,u1_0.username from users u1_0
2025-09-06T12:33:43.579+02:00  INFO 16108 --- [           main] c.n.s.controllers.UserController         : Validating new user
2025-09-06T12:33:43.580+02:00  WARN 16108 --- [           main] c.n.s.controllers.UserController         : User validation failed
<!DOCTYPE html>
<html xmlns="http://www.w3.org/1999/xhtml">
<head>
<meta charset="utf-8"/>
<title>Home</title>
<link rel="stylesheet" href="../../css/bootstrap.min.css" >
</head>
<body>
<div class="container">

	<div class="row">
		<h2>Add New User</h2>
	</div>

	<div class="row">
		<form action="/user/validate" method="post" class="form-horizontal" style="width: 100%"><input type="hidden" name="_csrf" value="2Bg5nMX_GjoUyk3re3IyPK6nn_ZiqF_gwAEgRIea6wXusFTY634J-fPLKV45qS-ITl8GCsiQss5XmW_NpmAYIbb52zaI1DXo"/>
			<div class="form-group">
				<label for="fullname" class="col-sm-2 control-label">Full Name</label>
				<div class="col-sm-10">
					<input type="text" id="fullname" placeholder="Full Name" class="col-4" name="fullname" value="fullname1">
					
				</div>
			</div>
			<div class="form-group">
				<label for="username" class="col-sm-2 control-label">User Name</label>
				<div class="col-sm-10">
					<input type="text" id="username" placeholder="User Name" class="col-4" name="username" value="">
					<p class="text-danger">Username is mandatory</p>
				</div>
			</div>
			<div class="form-group">
				<label for="password" class="col-sm-2 control-label">Password</label>
				<div class="col-sm-10">
					<input type="password" id="password" placeholder="Password" class="col-4" name="password" value="">
					
				</div>
			</div>
			<div class="form-group">
				<label for="password" class="col-sm-2 control-label">Role</label>
				<div class="col-sm-10">
					<label class="checkbox-inline"><input type="radio" value="ADMIN" id="role1" name="role">Admin</label>
					<label class="checkbox-inline"><input type="radio" value="USER" id="role2" name="role" checked="checked">User</label>
					
				</div>
			</div>


			<div class="form-group">
				<div class="col-sm-12">
					<a class="btn btn-danger btn-sm" href="/user/list">Cancel</a>
					<input class="btn btn-primary btn-sm" type="submit" value="Add user">
				</div>
			</div>

		</form>
	</div>

</div>
</body>
</html>
Hibernate: select u1_0.id,u1_0.fullname,u1_0.password,u1_0.role,u1_0.username from users u1_0
]]></system-out>
  </testcase>
  <testcase name="testAddUserForm" classname="com.nnk.springboot.integration.UserControllerIntegrationTest" time="0.005">
    <system-out><![CDATA[Hibernate: select u1_0.id,u1_0.fullname,u1_0.password,u1_0.role,u1_0.username from users u1_0
2025-09-06T12:33:43.591+02:00  INFO 16108 --- [           main] c.n.s.controllers.UserController         : Displaying add user form
<!DOCTYPE html>
<html xmlns="http://www.w3.org/1999/xhtml">
<head>
<meta charset="utf-8"/>
<title>Home</title>
<link rel="stylesheet" href="../../css/bootstrap.min.css" >
</head>
<body>
<div class="container">

	<div class="row">
		<h2>Add New User</h2>
	</div>

	<div class="row">
		<form action="/user/validate" method="post" class="form-horizontal" style="width: 100%"><input type="hidden" name="_csrf" value="oRUA5lPVr-MBX4zqpKfUrgCz83vZgJAXb-kbou7-ieX6BHdIlSAx3mTkl9QsOe-LlIrgmDiB3hq7sPY6CtF-wIqb79zDZkJ4"/>
			<div class="form-group">
				<label for="fullname" class="col-sm-2 control-label">Full Name</label>
				<div class="col-sm-10">
					<input type="text" id="fullname" placeholder="Full Name" class="col-4" name="fullname" value="">
					
				</div>
			</div>
			<div class="form-group">
				<label for="username" class="col-sm-2 control-label">User Name</label>
				<div class="col-sm-10">
					<input type="text" id="username" placeholder="User Name" class="col-4" name="username" value="">
					
				</div>
			</div>
			<div class="form-group">
				<label for="password" class="col-sm-2 control-label">Password</label>
				<div class="col-sm-10">
					<input type="password" id="password" placeholder="Password" class="col-4" name="password" value="">
					
				</div>
			</div>
			<div class="form-group">
				<label for="password" class="col-sm-2 control-label">Role</label>
				<div class="col-sm-10">
					<label class="checkbox-inline"><input type="radio" value="ADMIN" id="role1" name="role">Admin</label>
					<label class="checkbox-inline"><input type="radio" value="USER" id="role2" name="role">User</label>
					
				</div>
			</div>


			<div class="form-group">
				<div class="col-sm-12">
					<a class="btn btn-danger btn-sm" href="/user/list">Cancel</a>
					<input class="btn btn-primary btn-sm" type="submit" value="Add user">
				</div>
			</div>

		</form>
	</div>

</div>
</body>
</html>
]]></system-out>
  </testcase>
  <testcase name="testUpdateUser" classname="com.nnk.springboot.integration.UserControllerIntegrationTest" time="0.224">
    <system-out><![CDATA[Hibernate: select u1_0.id,u1_0.fullname,u1_0.password,u1_0.role,u1_0.username from users u1_0
Hibernate: select u1_0.id,u1_0.fullname,u1_0.password,u1_0.role,u1_0.username from users u1_0 where u1_0.username=?
Hibernate: select next_val as id_val from users_seq for update
Hibernate: update users_seq set next_val= ? where next_val=?
2025-09-06T12:33:43.704+02:00  INFO 16108 --- [           main] c.n.s.services.impl.UserServiceImpl      : User created id=1 username=username1
Hibernate: insert into users (fullname,password,role,username,id) values (?,?,?,?,?)
2025-09-06T12:33:43.710+02:00  INFO 16108 --- [           main] c.n.s.controllers.UserController         : Updating user id: 1
Hibernate: select u1_0.id,u1_0.fullname,u1_0.password,u1_0.role,u1_0.username from users u1_0 where u1_0.id=?
2025-09-06T12:33:43.761+02:00  INFO 16108 --- [           main] c.n.s.services.impl.UserServiceImpl      : User updated id=1
Hibernate: update users set fullname=?,password=?,role=?,username=? where id=?
2025-09-06T12:33:43.764+02:00  INFO 16108 --- [           main] c.n.s.controllers.UserController         : User updated successfully for id: 1
Hibernate: select u1_0.id,u1_0.fullname,u1_0.password,u1_0.role,u1_0.username from users u1_0
2025-09-06T12:33:43.765+02:00  INFO 16108 --- [           main] c.n.s.services.impl.UserServiceImpl      : Fetched 1 users

Hibernate: select u1_0.id,u1_0.fullname,u1_0.password,u1_0.role,u1_0.username from users u1_0 where u1_0.id=?
]]></system-out>
  </testcase>
  <testcase name="testShowUpdateForm" classname="com.nnk.springboot.integration.UserControllerIntegrationTest" time="0.065">
    <system-out><![CDATA[Hibernate: select u1_0.id,u1_0.fullname,u1_0.password,u1_0.role,u1_0.username from users u1_0
Hibernate: delete from users where id=?
Hibernate: select u1_0.id,u1_0.fullname,u1_0.password,u1_0.role,u1_0.username from users u1_0 where u1_0.username=?
Hibernate: select next_val as id_val from users_seq for update
Hibernate: update users_seq set next_val= ? where next_val=?
2025-09-06T12:33:43.875+02:00  INFO 16108 --- [           main] c.n.s.services.impl.UserServiceImpl      : User created id=2 username=username1
Hibernate: insert into users (fullname,password,role,username,id) values (?,?,?,?,?)
2025-09-06T12:33:43.877+02:00  INFO 16108 --- [           main] c.n.s.controllers.UserController         : Displaying update form for user id: 2
Hibernate: select u1_0.id,u1_0.fullname,u1_0.password,u1_0.role,u1_0.username from users u1_0 where u1_0.id=?
<!DOCTYPE html>
<html xmlns="http://www.w3.org/1999/xhtml">
<head>
	<meta charset="utf-8"/>
	<title>Home</title>
	<link rel="stylesheet" href="../../css/bootstrap.min.css" >
</head>
<body>
<div class="container">

	<div class="row">
		<h2>Update User</h2>
	</div>

	<div class="row">
		<form action="/user/update/2" method="post" class="form-horizontal" style="width: 100%"><input type="hidden" name="_csrf" value="enXmknHEvQSbIqA7UOqHj5WnrBWwkeyYEDeiGZWMv-AyT3LSGxPe8RL3hDa2FJgPNMeztqeTgS2AoN-1cgWRLKO0jNkLdhO0"/>
			<div class="form-group">
				<label for="fullname" class="col-sm-2 control-label">Full Name</label>
				<div class="col-sm-10">
					<input type="text" id="fullname" placeholder="Full Name" class="col-4" name="fullname" value="fullname1">
					
				</div>
			</div>
			<div class="form-group">
				<label for="username" class="col-sm-2 control-label">User Name</label>
				<div class="col-sm-10">
					<input type="text" id="username" placeholder="User Name" class="col-4" name="username" value="username1">
					
				</div>
			</div>
			<div class="form-group">
				<label for="password" class="col-sm-2 control-label">Password</label>
				<div class="col-sm-10">
					<input type="password" id="password" placeholder="Password" class="col-4" name="password" value="">
					
				</div>
			</div>
			<div class="form-group">
				<label for="password" class="col-sm-2 control-label">Role</label>
				<div class="col-sm-10">
					<label class="checkbox-inline"><input type="radio" value="ADMIN" id="role1" name="role">Admin</label>
					<label class="checkbox-inline"><input type="radio" value="USER" id="role2" name="role" checked="checked">User</label>
				</div>
			</div>


			<div class="form-group">
				<div class="col-sm-12">
					<input type="hidden" id="id" name="id" value="2">
					<a class="btn btn-danger btn-sm" href="/user/list">Cancel</a>
					<input class="btn btn-primary btn-sm" type="submit" value="Update User">
				</div>
			</div>

		</form>
	</div>

</div>
</body>
</html>
]]></system-out>
  </testcase>
  <testcase name="testUpdateUserErrorForm" classname="com.nnk.springboot.integration.UserControllerIntegrationTest" time="0.065">
    <system-out><![CDATA[Hibernate: select u1_0.id,u1_0.fullname,u1_0.password,u1_0.role,u1_0.username from users u1_0
Hibernate: delete from users where id=?
Hibernate: select u1_0.id,u1_0.fullname,u1_0.password,u1_0.role,u1_0.username from users u1_0 where u1_0.username=?
2025-09-06T12:33:43.939+02:00  INFO 16108 --- [           main] c.n.s.services.impl.UserServiceImpl      : User created id=3 username=username1
Hibernate: insert into users (fullname,password,role,username,id) values (?,?,?,?,?)
2025-09-06T12:33:43.943+02:00  INFO 16108 --- [           main] c.n.s.controllers.UserController         : Updating user id: 3
2025-09-06T12:33:43.943+02:00  WARN 16108 --- [           main] c.n.s.controllers.UserController         : User update validation failed for id: 3
<!DOCTYPE html>
<html xmlns="http://www.w3.org/1999/xhtml">
<head>
	<meta charset="utf-8"/>
	<title>Home</title>
	<link rel="stylesheet" href="../../css/bootstrap.min.css" >
</head>
<body>
<div class="container">

	<div class="row">
		<h2>Update User</h2>
	</div>

	<div class="row">
		<form action="/user/update/3" method="post" class="form-horizontal" style="width: 100%"><input type="hidden" name="_csrf" value="nR_IrrMO4oZ_7PoJ1kX1mVV2Ovg1rzO1lyARdaijvQfltwG7qyr7yNU7hORS1cI67mjB-DdBF5pQmQKY9hQmEZ-QizGBgWeD"/>
			<div class="form-group">
				<label for="fullname" class="col-sm-2 control-label">Full Name</label>
				<div class="col-sm-10">
					<input type="text" id="fullname" placeholder="Full Name" class="col-4" name="fullname" value="fullname1">
					
				</div>
			</div>
			<div class="form-group">
				<label for="username" class="col-sm-2 control-label">User Name</label>
				<div class="col-sm-10">
					<input type="text" id="username" placeholder="User Name" class="col-4" name="username" value="">
					<p class="text-danger">Username is mandatory</p>
				</div>
			</div>
			<div class="form-group">
				<label for="password" class="col-sm-2 control-label">Password</label>
				<div class="col-sm-10">
					<input type="password" id="password" placeholder="Password" class="col-4" name="password" value="">
					
				</div>
			</div>
			<div class="form-group">
				<label for="password" class="col-sm-2 control-label">Role</label>
				<div class="col-sm-10">
					<label class="checkbox-inline"><input type="radio" value="ADMIN" id="role1" name="role">Admin</label>
					<label class="checkbox-inline"><input type="radio" value="USER" id="role2" name="role" checked="checked">User</label>
				</div>
			</div>


			<div class="form-group">
				<div class="col-sm-12">
					<input type="hidden" id="id" name="id" value="3">
					<a class="btn btn-danger btn-sm" href="/user/list">Cancel</a>
					<input class="btn btn-primary btn-sm" type="submit" value="Update User">
				</div>
			</div>

		</form>
	</div>

</div>
</body>
</html>
Hibernate: select u1_0.id,u1_0.fullname,u1_0.password,u1_0.role,u1_0.username from users u1_0 where u1_0.id=?
]]></system-out>
  </testcase>
  <testcase name="testDeleteUser" classname="com.nnk.springboot.integration.UserControllerIntegrationTest" time="0.064">
    <system-out><![CDATA[Hibernate: select u1_0.id,u1_0.fullname,u1_0.password,u1_0.role,u1_0.username from users u1_0
Hibernate: delete from users where id=?
Hibernate: select u1_0.id,u1_0.fullname,u1_0.password,u1_0.role,u1_0.username from users u1_0 where u1_0.username=?
2025-09-06T12:33:44.002+02:00  INFO 16108 --- [           main] c.n.s.services.impl.UserServiceImpl      : User created id=4 username=username1
Hibernate: insert into users (fullname,password,role,username,id) values (?,?,?,?,?)
2025-09-06T12:33:44.005+02:00  INFO 16108 --- [           main] c.n.s.controllers.UserController         : Deleting user id: 4
Hibernate: select u1_0.id,u1_0.fullname,u1_0.password,u1_0.role,u1_0.username from users u1_0 where u1_0.id=?
Hibernate: delete from users where id=?
2025-09-06T12:33:44.009+02:00  INFO 16108 --- [           main] c.n.s.controllers.UserController         : User deleted successfully for id: 4
Hibernate: select u1_0.id,u1_0.fullname,u1_0.password,u1_0.role,u1_0.username from users u1_0

Hibernate: select u1_0.id,u1_0.fullname,u1_0.password,u1_0.role,u1_0.username from users u1_0
2025-09-06T12:33:44.011+02:00  INFO 16108 --- [           main] c.n.s.services.impl.UserServiceImpl      : Fetched 0 users
]]></system-out>
  </testcase>
  <testcase name="testGetUserList" classname="com.nnk.springboot.integration.UserControllerIntegrationTest" time="0.114">
    <system-out><![CDATA[Hibernate: select u1_0.id,u1_0.fullname,u1_0.password,u1_0.role,u1_0.username from users u1_0
Hibernate: select u1_0.id,u1_0.fullname,u1_0.password,u1_0.role,u1_0.username from users u1_0 where u1_0.username=?
2025-09-06T12:33:44.065+02:00  INFO 16108 --- [           main] c.n.s.services.impl.UserServiceImpl      : User created id=5 username=username1
Hibernate: insert into users (fullname,password,role,username,id) values (?,?,?,?,?)
Hibernate: select u1_0.id,u1_0.fullname,u1_0.password,u1_0.role,u1_0.username from users u1_0 where u1_0.username=?
2025-09-06T12:33:44.119+02:00  INFO 16108 --- [           main] c.n.s.services.impl.UserServiceImpl      : User created id=6 username=username2
Hibernate: insert into users (fullname,password,role,username,id) values (?,?,?,?,?)
2025-09-06T12:33:44.122+02:00  INFO 16108 --- [           main] c.n.s.controllers.UserController         : Displaying user list
Hibernate: select u1_0.id,u1_0.fullname,u1_0.password,u1_0.role,u1_0.username from users u1_0
<!DOCTYPE html>
<html xmlns="http://www.w3.org/1999/xhtml">
<head>
<meta charset="utf-8"/>
<title>Home</title>
<link rel="stylesheet" type="text/css" href="../../css/bootstrap.min.css">
</head>
<body>
<div class="container">
	<div class="row">
		<div class="col-6">

		</div>
		<div class="col-6 text-right">
			<a href="/">Home</a>&nbsp;|&nbsp;<a href="/login">Login</a>
		</div>
	</div>
	<div class="row"><h2>User List</h2></div>
	<div class="row">
		<a href="/user/add" class="btn btn-primary btn-sm">Add New</a>
		<table class="table table-bordered">
			<thead>
				<tr>
					<th>Id</th>
					<th>Full Name</th>
					<th>User Name</th>
					<th>Role</th>
					<th>Action</th>
				</tr>
			</thead>
			<tbody>
				<tr>
					<td style="width: 10%">5</td>
					<td>fullname1</td>
					<td>username1</td>
					<td style="width: 25%">USER</td>
					<td style="width: 15%" class="text-center">
						<a href="/user/update/5">Edit</a>&nbsp;|&nbsp;
						<a href="/user/delete/5">Delete</a>
					</td>
				</tr>
				<tr>
					<td style="width: 10%">6</td>
					<td>fullname2</td>
					<td>username2</td>
					<td style="width: 25%">ADMIN</td>
					<td style="width: 15%" class="text-center">
						<a href="/user/update/6">Edit</a>&nbsp;|&nbsp;
						<a href="/user/delete/6">Delete</a>
					</td>
				</tr>
			</tbody>
		</table>
	</div>
</div>
</body>
</html>
]]></system-out>
  </testcase>
  <testcase name="testValidateUser" classname="com.nnk.springboot.integration.UserControllerIntegrationTest" time="0.073">
    <system-out><![CDATA[Hibernate: select u1_0.id,u1_0.fullname,u1_0.password,u1_0.role,u1_0.username from users u1_0
Hibernate: delete from users where id=?
Hibernate: delete from users where id=?
Hibernate: select u1_0.id,u1_0.fullname,u1_0.password,u1_0.role,u1_0.username from users u1_0
2025-09-06T12:33:44.137+02:00  INFO 16108 --- [           main] c.n.s.controllers.UserController         : Validating new user
Hibernate: select u1_0.id,u1_0.fullname,u1_0.password,u1_0.role,u1_0.username from users u1_0 where u1_0.username=?
2025-09-06T12:33:44.193+02:00  INFO 16108 --- [           main] c.n.s.services.impl.UserServiceImpl      : User created id=7 username=username1
Hibernate: insert into users (fullname,password,role,username,id) values (?,?,?,?,?)
2025-09-06T12:33:44.195+02:00  INFO 16108 --- [           main] c.n.s.controllers.UserController         : User created successfully
Hibernate: select u1_0.id,u1_0.fullname,u1_0.password,u1_0.role,u1_0.username from users u1_0
2025-09-06T12:33:44.197+02:00  INFO 16108 --- [           main] c.n.s.services.impl.UserServiceImpl      : Fetched 1 users

Hibernate: select u1_0.id,u1_0.fullname,u1_0.password,u1_0.role,u1_0.username from users u1_0
]]></system-out>
  </testcase>
</testsuite>