<?xml version="1.0" encoding="UTF-8"?>
<testsuite xmlns:xsi="http://www.w3.org/2001/XMLSchema-instance" xsi:noNamespaceSchemaLocation="https://maven.apache.org/surefire/maven-surefire-plugin/xsd/surefire-test-report-3.0.xsd" version="3.0" name="com.nnk.springboot.integration.CurveControllerIntegrationTest" time="0.13" tests="8" errors="0" skipped="0" failures="0">
  <properties>
[...]
</properties>
  <testcase name="testDeleteCurve" classname="com.nnk.springboot.integration.CurveControllerIntegrationTest" time="0.022">
    <system-out><![CDATA[2025-09-06T12:33:43.097+02:00  INFO 16108 --- [           main] t.c.s.AnnotationConfigContextLoaderUtils : Could not detect default configuration classes for test class [com.nnk.springboot.integration.CurveControllerIntegrationTest]: CurveControllerIntegrationTest does not declare any static, non-private, non-final, nested classes annotated with @Configuration.
2025-09-06T12:33:43.099+02:00  INFO 16108 --- [           main] .b.t.c.SpringBootTestContextBootstrapper : Found @SpringBootConfiguration com.nnk.springboot.Application for test class com.nnk.springboot.integration.CurveControllerIntegrationTest
Hibernate: select c1_0.id,c1_0.as_of_date,c1_0.creation_date,c1_0.curve_id,c1_0.term,c1_0.value from curve_point c1_0
Hibernate: insert into curve_point (as_of_date,creation_date,curve_id,term,value) values (?,?,?,?,?)
2025-09-06T12:33:43.114+02:00  INFO 16108 --- [           main] c.n.s.services.impl.CurveServiceImpl     : Curve point created id=1
2025-09-06T12:33:43.118+02:00  INFO 16108 --- [           main] c.n.s.controllers.CurveController        : Deleting curve point id: 1
Hibernate: select c1_0.id,c1_0.as_of_date,c1_0.creation_date,c1_0.curve_id,c1_0.term,c1_0.value from curve_point c1_0 where c1_0.id=?
2025-09-06T12:33:43.120+02:00  INFO 16108 --- [           main] c.n.s.services.impl.CurveServiceImpl     : Curve point deleted id=1
Hibernate: delete from curve_point where id=?
2025-09-06T12:33:43.122+02:00  INFO 16108 --- [           main] c.n.s.controllers.CurveController        : Curve point deleted successfully for id: 1

Hibernate: select c1_0.id,c1_0.as_of_date,c1_0.creation_date,c1_0.curve_id,c1_0.term,c1_0.value from curve_point c1_0
2025-09-06T12:33:43.124+02:00  INFO 16108 --- [           main] c.n.s.services.impl.CurveServiceImpl     : Fetched 0 curve points
]]></system-out>
  </testcase>
  <testcase name="testUpdateCurveErrorForm" classname="com.nnk.springboot.integration.CurveControllerIntegrationTest" time="0.018">
    <system-out><![CDATA[Hibernate: select c1_0.id,c1_0.as_of_date,c1_0.creation_date,c1_0.curve_id,c1_0.term,c1_0.value from curve_point c1_0
Hibernate: insert into curve_point (as_of_date,creation_date,curve_id,term,value) values (?,?,?,?,?)
2025-09-06T12:33:43.131+02:00  INFO 16108 --- [           main] c.n.s.services.impl.CurveServiceImpl     : Curve point created id=2
2025-09-06T12:33:43.137+02:00  INFO 16108 --- [           main] c.n.s.controllers.CurveController        : Updating curve point id: 2
Hibernate: select c1_0.id,c1_0.as_of_date,c1_0.creation_date,c1_0.curve_id,c1_0.term,c1_0.value from curve_point c1_0 where c1_0.id=?
2025-09-06T12:33:43.138+02:00  INFO 16108 --- [           main] c.n.s.services.impl.CurveServiceImpl     : Curve point updated id=2
Hibernate: update curve_point set as_of_date=?,creation_date=?,curve_id=?,term=?,value=? where id=?
2025-09-06T12:33:43.141+02:00  INFO 16108 --- [           main] c.n.s.controllers.CurveController        : Curve point updated successfully for id: 2

Hibernate: select c1_0.id,c1_0.as_of_date,c1_0.creation_date,c1_0.curve_id,c1_0.term,c1_0.value from curve_point c1_0 where c1_0.id=?
]]></system-out>
  </testcase>
  <testcase name="testUpdateCurve" classname="com.nnk.springboot.integration.CurveControllerIntegrationTest" time="0.016">
    <system-out><![CDATA[Hibernate: select c1_0.id,c1_0.as_of_date,c1_0.creation_date,c1_0.curve_id,c1_0.term,c1_0.value from curve_point c1_0
Hibernate: delete from curve_point where id=?
Hibernate: insert into curve_point (as_of_date,creation_date,curve_id,term,value) values (?,?,?,?,?)
2025-09-06T12:33:43.150+02:00  INFO 16108 --- [           main] c.n.s.services.impl.CurveServiceImpl     : Curve point created id=3
2025-09-06T12:33:43.152+02:00  INFO 16108 --- [           main] c.n.s.controllers.CurveController        : Updating curve point id: 3
Hibernate: select c1_0.id,c1_0.as_of_date,c1_0.creation_date,c1_0.curve_id,c1_0.term,c1_0.value from curve_point c1_0 where c1_0.id=?
2025-09-06T12:33:43.154+02:00  INFO 16108 --- [           main] c.n.s.services.impl.CurveServiceImpl     : Curve point updated id=3
Hibernate: update curve_point set as_of_date=?,creation_date=?,curve_id=?,term=?,value=? where id=?
2025-09-06T12:33:43.155+02:00  INFO 16108 --- [           main] c.n.s.controllers.CurveController        : Curve point updated successfully for id: 3

Hibernate: select c1_0.id,c1_0.as_of_date,c1_0.creation_date,c1_0.curve_id,c1_0.term,c1_0.value from curve_point c1_0 where c1_0.id=?
]]></system-out>
  </testcase>
  <testcase name="testValidateCurveErrorForm" classname="com.nnk.springboot.integration.CurveControllerIntegrationTest" time="0.009">
    <system-out><![CDATA[Hibernate: select c1_0.id,c1_0.as_of_date,c1_0.creation_date,c1_0.curve_id,c1_0.term,c1_0.value from curve_point c1_0
Hibernate: delete from curve_point where id=?
2025-09-06T12:33:43.165+02:00  INFO 16108 --- [           main] c.n.s.controllers.CurveController        : Validating new curve point
Hibernate: insert into curve_point (as_of_date,creation_date,curve_id,term,value) values (?,?,?,?,?)
2025-09-06T12:33:43.167+02:00  INFO 16108 --- [           main] c.n.s.services.impl.CurveServiceImpl     : Curve point created id=4
2025-09-06T12:33:43.168+02:00  INFO 16108 --- [           main] c.n.s.controllers.CurveController        : Curve point created successfully

]]></system-out>
  </testcase>
  <testcase name="testShowUpdateForm" classname="com.nnk.springboot.integration.CurveControllerIntegrationTest" time="0.014">
    <system-out><![CDATA[Hibernate: select c1_0.id,c1_0.as_of_date,c1_0.creation_date,c1_0.curve_id,c1_0.term,c1_0.value from curve_point c1_0
Hibernate: delete from curve_point where id=?
Hibernate: insert into curve_point (as_of_date,creation_date,curve_id,term,value) values (?,?,?,?,?)
2025-09-06T12:33:43.174+02:00  INFO 16108 --- [           main] c.n.s.services.impl.CurveServiceImpl     : Curve point created id=5
2025-09-06T12:33:43.177+02:00  INFO 16108 --- [           main] c.n.s.controllers.CurveController        : Displaying update form for curve point id: 5
Hibernate: select c1_0.id,c1_0.as_of_date,c1_0.creation_date,c1_0.curve_id,c1_0.term,c1_0.value from curve_point c1_0 where c1_0.id=?
<!DOCTYPE html>
<html xmlns="http://www.w3.org/1999/xhtml">
<head>
<meta charset="utf-8"/>
<title>Home</title>
<link rel="stylesheet" href="../../css/bootstrap.min.css" >
</head>
<body>
<div class="container">
	<div class="row">
		<h2>Update CurvePoint</h2>
	</div>

	<div class="row">
		<form action="/curvePoint/update/5" method="post" class="form-horizontal" style="width: 100%"><input type="hidden" name="_csrf" value="I58lqSy19VWghnl4znsSDF5OZuGM_UUdmUCHa0M0vtPN26fVG6ZHz02DkzON4B1K_FYmaDwoS9nozSAwq3LiXXJWibX968W2"/>
			<div class="form-group">
				<label for="term" class="col-sm-2 control-label">Term</label>
				<div class="col-sm-10">
					<input type="text" id="term" placeholder="Term" class="col-4" name="term" value="10.0">
					
				</div>
			</div>
			<div class="form-group">
				<label for="value" class="col-sm-2 control-label">Value</label>
				<div class="col-sm-10">
					<input type="number" id="value" placeholder="Value" class="col-4" name="value" value="20.0">
					
				</div>
			</div>

			<div class="form-group">
				<div class="col-sm-12">
					<input type="hidden" id="id" name="id" value="5">
					<a class="btn btn-danger btn-sm" href="/curvePoint/list">Cancel</a>
					<input class="btn btn-primary btn-sm" type="submit" value="Update Curve Point">
				</div>
			</div>
		</form>
	</div>

</div>
</body>
</html>
]]></system-out>
  </testcase>
  <testcase name="testValidateCurve" classname="com.nnk.springboot.integration.CurveControllerIntegrationTest" time="0.014">
    <system-out><![CDATA[Hibernate: select c1_0.id,c1_0.as_of_date,c1_0.creation_date,c1_0.curve_id,c1_0.term,c1_0.value from curve_point c1_0
Hibernate: delete from curve_point where id=?
Hibernate: select c1_0.id,c1_0.as_of_date,c1_0.creation_date,c1_0.curve_id,c1_0.term,c1_0.value from curve_point c1_0
2025-09-06T12:33:43.190+02:00  INFO 16108 --- [           main] c.n.s.controllers.CurveController        : Validating new curve point
Hibernate: insert into curve_point (as_of_date,creation_date,curve_id,term,value) values (?,?,?,?,?)
2025-09-06T12:33:43.193+02:00  INFO 16108 --- [           main] c.n.s.services.impl.CurveServiceImpl     : Curve point created id=6
2025-09-06T12:33:43.194+02:00  INFO 16108 --- [           main] c.n.s.controllers.CurveController        : Curve point created successfully

Hibernate: select c1_0.id,c1_0.as_of_date,c1_0.creation_date,c1_0.curve_id,c1_0.term,c1_0.value from curve_point c1_0
]]></system-out>
  </testcase>
  <testcase name="testAddCurveForm" classname="com.nnk.springboot.integration.CurveControllerIntegrationTest" time="0.011">
    <system-out><![CDATA[Hibernate: select c1_0.id,c1_0.as_of_date,c1_0.creation_date,c1_0.curve_id,c1_0.term,c1_0.value from curve_point c1_0
Hibernate: delete from curve_point where id=?
2025-09-06T12:33:43.204+02:00  INFO 16108 --- [           main] c.n.s.controllers.CurveController        : Displaying add curve point form
<!DOCTYPE html>
<html xmlns="http://www.w3.org/1999/xhtml">
<head>
<meta charset="utf-8"/>
<title>Home</title>
<link rel="stylesheet" href="../../css/bootstrap.min.css" >
</head>
<body>
<div class="container">

	<div class="row">
		<h2>Add New Curve Point</h2>
	</div>

	<div class="row">
		<form action="/curvePoint/validate" method="post" class="form-horizontal" style="width: 100%"><input type="hidden" name="_csrf" value="VtA5CfQYY5Ij9XNZ7weRdiibCAvJZTj_B-bTYAP7DM-qYqXFYbYIaJJ9BaIOkEA_iSqlExqpJWr7U1nSP9_lAmfOOqyaW8fx"/>
			<div class="form-group">
				<label for="curveId" class="col-sm-2 control-label">Curve Id</label>
				<div class="col-sm-10">
					<input type="number" id="curveId" placeholder="Curve Id" class="col-4" min="1" step="1" name="curveId" value="">
					
				</div>
			</div>
			<div class="form-group">
				<label for="term" class="col-sm-2 control-label">Term</label>
				<div class="col-sm-10">
					<input type="number" id="term" placeholder="Term" class="col-4" step="0.0001" name="term" value="">
					
				</div>
			</div>
			<div class="form-group">
				<label for="value" class="col-sm-2 control-label">Value</label>
				<div class="col-sm-10">
					<input type="number" id="value" placeholder="Value" class="col-4" step="0.0001" name="value" value="">
					
				</div>
			</div>

			<div class="form-group">
				<div class="col-sm-12">
					<a class="btn btn-danger btn-sm" href="/curvePoint/list">Cancel</a>
					<input class="btn btn-primary btn-sm" type="submit" value="Add Curve Point">
				</div>
			</div>
		</form>
	</div>

</div>
</body>
</html>
]]></system-out>
  </testcase>
  <testcase name="testGetCurveList" classname="com.nnk.springboot.integration.CurveControllerIntegrationTest" time="0.018">
    <system-out><![CDATA[Hibernate: select c1_0.id,c1_0.as_of_date,c1_0.creation_date,c1_0.curve_id,c1_0.term,c1_0.value from curve_point c1_0
Hibernate: insert into curve_point (as_of_date,creation_date,curve_id,term,value) values (?,?,?,?,?)
2025-09-06T12:33:43.214+02:00  INFO 16108 --- [           main] c.n.s.services.impl.CurveServiceImpl     : Curve point created id=7
Hibernate: insert into curve_point (as_of_date,creation_date,curve_id,term,value) values (?,?,?,?,?)
2025-09-06T12:33:43.216+02:00  INFO 16108 --- [           main] c.n.s.services.impl.CurveServiceImpl     : Curve point created id=8
2025-09-06T12:33:43.218+02:00  INFO 16108 --- [           main] c.n.s.controllers.CurveController        : Displaying curve point list
Hibernate: select c1_0.id,c1_0.as_of_date,c1_0.creation_date,c1_0.curve_id,c1_0.term,c1_0.value from curve_point c1_0
2025-09-06T12:33:43.219+02:00  INFO 16108 --- [           main] c.n.s.services.impl.CurveServiceImpl     : Fetched 2 curve points
<!DOCTYPE html>
<html xmlns="http://www.w3.org/1999/xhtml">
<head>
<meta charset="utf-8"/>
<title>Home</title>
<link rel="stylesheet" href="../../css/bootstrap.min.css" >
</head>
<body>
<div class="container">
	<div class="row">
		<div class="col-6">
			<a href="/bidList/list">Bid List</a>&nbsp;|&nbsp;
			<a href="/curvePoint/list">Curve Points</a>&nbsp;|&nbsp;
			<a href="/rating/list">Ratings</a>&nbsp;|&nbsp;
			<a href="/trade/list">Trade</a>&nbsp;|&nbsp;
			<a href="/ruleName/list">Rule</a>
		</div>
		<div class="col-6 text-right">
			Logged in user:
			<b class="user">testuser</b>
			<form action="/app-logout" method="POST"><input type="hidden" name="_csrf" value="Jr4y-al6Z1kbVD9lYGkPSxzndrkefNsIS55wNZevURli6xmlFYxTmptIA2A2Yl1XUUQ7KSzWW4ApHeMleK4UBPadMitU0y6V"/>
				<input type="submit" value="Logout"/>
			</form>
		</div>
	</div>
	<div class="row"><h2>Curve Point List</h2></div>
	<div class="row">
		<a href="/curvePoint/add" class="btn btn-primary btn-sm">Add New</a>
		<table class="table table-bordered">
			<thead>
				<tr>
					<th>Id</th>
					<th>CurveId</th>
					<th>Term</th>
					<th>Value</th>
					<th>Action</th>
				</tr>
			</thead>
			<tbody>
				<tr>
					<td style="width: 10%">7</td>
					<td>1</td>
					<td>10.0</td>
					<td>20.0</td>
					<td style="width: 15%" class="text-center">
						<a href="/curvePoint/update/7">Edit</a>&nbsp;|&nbsp;
						<a href="/curvePoint/delete/7">Delete</a>
					</td>
				</tr>
				<tr>
					<td style="width: 10%">8</td>
					<td>2</td>
					<td>30.0</td>
					<td>40.0</td>
					<td style="width: 15%" class="text-center">
						<a href="/curvePoint/update/8">Edit</a>&nbsp;|&nbsp;
						<a href="/curvePoint/delete/8">Delete</a>
					</td>
				</tr>
			</tbody>
		</table>
	</div>
</div>
</body>
</html>
]]></system-out>
  </testcase>
</testsuite>