<?xml version="1.0" encoding="UTF-8"?>
<testsuite xmlns:xsi="http://www.w3.org/2001/XMLSchema-instance" xsi:noNamespaceSchemaLocation="https://maven.apache.org/surefire/maven-surefire-plugin/xsd/surefire-test-report-3.0.xsd" version="3.0" name="com.nnk.springboot.integration.RuleNameControllerIntegrationTest" time="0.102" tests="8" errors="0" skipped="0" failures="0">
  <properties>
[...]
</properties>
  <testcase name="testValidateRuleName" classname="com.nnk.springboot.integration.RuleNameControllerIntegrationTest" time="0.013">
    <system-out><![CDATA[2025-09-06T12:33:43.361+02:00  INFO 16108 --- [           main] t.c.s.AnnotationConfigContextLoaderUtils : Could not detect default configuration classes for test class [com.nnk.springboot.integration.RuleNameControllerIntegrationTest]: RuleNameControllerIntegrationTest does not declare any static, non-private, non-final, nested classes annotated with @Configuration.
2025-09-06T12:33:43.362+02:00  INFO 16108 --- [           main] .b.t.c.SpringBootTestContextBootstrapper : Found @SpringBootConfiguration com.nnk.springboot.Application for test class com.nnk.springboot.integration.RuleNameControllerIntegrationTest
Hibernate: select r1_0.id,r1_0.description,r1_0.json,r1_0.name,r1_0.sql_part,r1_0.sql_str,r1_0.template from rule_name r1_0
Hibernate: select r1_0.id,r1_0.description,r1_0.json,r1_0.name,r1_0.sql_part,r1_0.sql_str,r1_0.template from rule_name r1_0
2025-09-06T12:33:43.371+02:00  INFO 16108 --- [           main] c.n.s.controllers.RuleNameController     : Validating new rule name
Hibernate: insert into rule_name (description,json,name,sql_part,sql_str,template) values (?,?,?,?,?,?)
2025-09-06T12:33:43.372+02:00  INFO 16108 --- [           main] c.n.s.services.impl.RuleNameServiceImpl  : RuleName created id=1
2025-09-06T12:33:43.374+02:00  INFO 16108 --- [           main] c.n.s.controllers.RuleNameController     : Rule name created successfully

Hibernate: select r1_0.id,r1_0.description,r1_0.json,r1_0.name,r1_0.sql_part,r1_0.sql_str,r1_0.template from rule_name r1_0
]]></system-out>
  </testcase>
  <testcase name="testGetRuleNameList" classname="com.nnk.springboot.integration.RuleNameControllerIntegrationTest" time="0.016">
    <system-out><![CDATA[Hibernate: select r1_0.id,r1_0.description,r1_0.json,r1_0.name,r1_0.sql_part,r1_0.sql_str,r1_0.template from rule_name r1_0
Hibernate: delete from rule_name where id=?
Hibernate: insert into rule_name (description,json,name,sql_part,sql_str,template) values (?,?,?,?,?,?)
2025-09-06T12:33:43.383+02:00  INFO 16108 --- [           main] c.n.s.services.impl.RuleNameServiceImpl  : RuleName created id=2
Hibernate: insert into rule_name (description,json,name,sql_part,sql_str,template) values (?,?,?,?,?,?)
2025-09-06T12:33:43.385+02:00  INFO 16108 --- [           main] c.n.s.services.impl.RuleNameServiceImpl  : RuleName created id=3
2025-09-06T12:33:43.387+02:00  INFO 16108 --- [           main] c.n.s.controllers.RuleNameController     : Displaying rule name list
Hibernate: select r1_0.id,r1_0.description,r1_0.json,r1_0.name,r1_0.sql_part,r1_0.sql_str,r1_0.template from rule_name r1_0
2025-09-06T12:33:43.388+02:00  INFO 16108 --- [           main] c.n.s.services.impl.RuleNameServiceImpl  : Fetched 2 RuleName entries
<!DOCTYPE html>
<html xmlns="http://www.w3.org/1999/xhtml">
<head>
<meta charset="utf-8"/>
<title>Home</title>
<link rel="stylesheet" href="../../css/bootstrap.min.css" >
</head>
<body>
<div class="container">
	<div class="row">
		<div class="col-6">
			<a href="/bidList/list">Bid List</a>&nbsp;|&nbsp;
			<a href="/curvePoint/list">Curve Points</a>&nbsp;|&nbsp;
			<a href="/ruleName/list">ruleNames</a>&nbsp;|&nbsp;
			<a href="/trade/list">Trade</a>&nbsp;|&nbsp;
			<a href="/ruleName/list">Rule</a>
		</div>
		<div class="col-6 text-right">
			Logged in user: <b class="user">testuser</b>
			<form action="/logout" method="POST"><input type="hidden" name="_csrf" value="YGba-CSdh1eklI655ZfOgNGKA2HoidfCVMfDlr-dQTuITg9pBVDtmhP-5GOJobiJ1br6s-nuLljbvOHvMKP78IqpdFq7em4K"/>
				<input type="submit" value="Logout"/>
			</form>
		</div>
	</div>
	<div class="row"><h2>Rule List</h2></div>
	<div class="row">
		<a href="/ruleName/add" class="btn btn-primary btn-sm">Add New</a>
		<table class="table table-bordered">
			<thead>
				<tr>
					<th>Id</th>
					<th>Name</th>
					<th>Description</th>
					<th>json</th>
					<th>template</th>
					<th>sqlStr</th>
					<th>sqlPart</th>
					<th>Action</th>
				</tr>
			</thead>
			<tbody>
				<tr>
					<td style="width: 10%">2</td>
					<td>Name1</td>
					<td>Desc1</td>
					<td>Json1</td>
					<td>Template1</td>
					<td>SqlStr1</td>
					<td>SqlPart1</td>
					<td style="width: 15%" class="text-center">
						<a href="/ruleName/update/2">Edit</a>&nbsp;|&nbsp;
						<a href="/ruleName/delete/2">Delete</a>
					</td>
				</tr>
				<tr>
					<td style="width: 10%">3</td>
					<td>Name2</td>
					<td>Desc2</td>
					<td>Json2</td>
					<td>Template2</td>
					<td>SqlStr2</td>
					<td>SqlPart2</td>
					<td style="width: 15%" class="text-center">
						<a href="/ruleName/update/3">Edit</a>&nbsp;|&nbsp;
						<a href="/ruleName/delete/3">Delete</a>
					</td>
				</tr>
			</tbody>
		</table>
	</div>
</div>
</body>
</html>
]]></system-out>
  </testcase>
  <testcase name="testAddRuleNameForm" classname="com.nnk.springboot.integration.RuleNameControllerIntegrationTest" time="0.011">
    <system-out><![CDATA[Hibernate: select r1_0.id,r1_0.description,r1_0.json,r1_0.name,r1_0.sql_part,r1_0.sql_str,r1_0.template from rule_name r1_0
Hibernate: delete from rule_name where id=?
Hibernate: delete from rule_name where id=?
2025-09-06T12:33:43.400+02:00  INFO 16108 --- [           main] c.n.s.controllers.RuleNameController     : Displaying add rule name form
<!DOCTYPE html>
<html xmlns="http://www.w3.org/1999/xhtml">
<head>
<meta charset="utf-8"/>
<title>Home</title>
<link rel="stylesheet" href="../../css/bootstrap.min.css" >
</head>
<body>
<div class="container">

	<div class="row">
		<h2>Add New Rule</h2>
	</div>

	<div class="row">
		<form action="/ruleName/validate" method="post" class="form-horizontal" style="width: 100%"><input type="hidden" name="_csrf" value="pZ11vPy87b-lB-JbeqLU2KOenwV_QxgBhOWk04biwWugCg94w61Ej5mP34uIYoNrGY_g6JOssmdNJXks54adt7TVog-WPDZB"/>
			<div class="form-group">
				<label for="name" class="col-sm-2 control-label">Name</label>
				<div class="col-sm-10">
					<input type="text" id="name" placeholder="Name" class="col-4" name="name" value="">
					
				</div>
			</div>
			<div class="form-group">
				<label for="description" class="col-sm-2 control-label">Description</label>
				<div class="col-sm-10">
					<input type="text" id="description" placeholder="Description" class="col-4" name="description" value="">
					
				</div>
			</div>
			<div class="form-group">
				<label for="json" class="col-sm-2 control-label">Json</label>
				<div class="col-sm-10">
					<input type="text" id="json" placeholder="Json" class="col-4" name="json" value="">
					
				</div>
			</div>
			<div class="form-group">
				<label for="template" class="col-sm-2 control-label">Template</label>
				<div class="col-sm-10">
					<input type="text" id="template" placeholder="Template" class="col-4" name="template" value="">
					
				</div>
			</div>
			<div class="form-group">
				<label for="sqlStr" class="col-sm-2 control-label">SQL</label>
				<div class="col-sm-10">
					<input type="text" id="sqlStr" placeholder="SQL" class="col-4" name="sqlStr" value="">
					
				</div>
			</div>
			<div class="form-group">
				<label for="sqlPart" class="col-sm-2 control-label">SQL Part</label>
				<div class="col-sm-10">
					<input type="text" id="sqlPart" placeholder="SQL Part" class="col-4" name="sqlPart" value="">
					
				</div>
			</div>


			<div class="form-group">
				<div class="col-sm-12">
					<a class="btn btn-danger btn-sm" href="/ruleName/list">Cancel</a>
					<input class="btn btn-primary btn-sm" type="submit" value="Add Rule">
				</div>
			</div>
		</form>
	</div>

</div>
</body>
</html>
]]></system-out>
  </testcase>
  <testcase name="testValidateRuleNameErrorForm" classname="com.nnk.springboot.integration.RuleNameControllerIntegrationTest" time="0.009">
    <system-out><![CDATA[Hibernate: select r1_0.id,r1_0.description,r1_0.json,r1_0.name,r1_0.sql_part,r1_0.sql_str,r1_0.template from rule_name r1_0
2025-09-06T12:33:43.410+02:00  INFO 16108 --- [           main] c.n.s.controllers.RuleNameController     : Validating new rule name
Hibernate: insert into rule_name (description,json,name,sql_part,sql_str,template) values (?,?,?,?,?,?)
2025-09-06T12:33:43.411+02:00  INFO 16108 --- [           main] c.n.s.services.impl.RuleNameServiceImpl  : RuleName created id=4
2025-09-06T12:33:43.412+02:00  INFO 16108 --- [           main] c.n.s.controllers.RuleNameController     : Rule name created successfully

]]></system-out>
  </testcase>
  <testcase name="testShowUpdateForm" classname="com.nnk.springboot.integration.RuleNameControllerIntegrationTest" time="0.011">
    <system-out><![CDATA[Hibernate: select r1_0.id,r1_0.description,r1_0.json,r1_0.name,r1_0.sql_part,r1_0.sql_str,r1_0.template from rule_name r1_0
Hibernate: delete from rule_name where id=?
Hibernate: insert into rule_name (description,json,name,sql_part,sql_str,template) values (?,?,?,?,?,?)
2025-09-06T12:33:43.418+02:00  INFO 16108 --- [           main] c.n.s.services.impl.RuleNameServiceImpl  : RuleName created id=5
2025-09-06T12:33:43.420+02:00  INFO 16108 --- [           main] c.n.s.controllers.RuleNameController     : Displaying update form for rule name id: 5
Hibernate: select r1_0.id,r1_0.description,r1_0.json,r1_0.name,r1_0.sql_part,r1_0.sql_str,r1_0.template from rule_name r1_0 where r1_0.id=?
<!DOCTYPE html>
<html xmlns="http://www.w3.org/1999/xhtml">
<head>
	<meta charset="utf-8"/>
	<title>Home</title>
	<link rel="stylesheet" href="../../css/bootstrap.min.css" >
</head>
<body>
<div class="container">

	<div class="row">
		<h2>Update New Rule</h2>
	</div>

	<div class="row">
		<form action="/ruleName/update/5" method="post" class="form-horizontal" style="width: 100%"><input type="hidden" name="_csrf" value="2Uhw9SIlwVTO80BftUeqTxHa1tqH4gAF99ucUMvuxv75hwPd73ATkUAX82zjknI512qeLSHp-7i-hDkoku6uNvyN_5rO4mbq"/>
			<div class="form-group">
				<label for="name" class="col-sm-2 control-label">Name</label>
				<div class="col-sm-10">
					<input type="text" id="name" placeholder="Name" class="col-4" name="name" value="Name1">
					
				</div>
			</div>
			<div class="form-group">
				<label for="description" class="col-sm-2 control-label">Description</label>
				<div class="col-sm-10">
					<input type="text" id="description" placeholder="Description" class="col-4" name="description" value="Desc1">
					
				</div>
			</div>
			<div class="form-group">
				<label for="json" class="col-sm-2 control-label">Json</label>
				<div class="col-sm-10">
					<input type="text" id="json" placeholder="Json" class="col-4" name="json" value="Json1">
					
				</div>
			</div>
			<div class="form-group">
				<label for="template" class="col-sm-2 control-label">Template</label>
				<div class="col-sm-10">
					<input type="text" id="template" placeholder="Template" class="col-4" name="template" value="Template1">
					
				</div>
			</div>
			<div class="form-group">
				<label for="sqlStr" class="col-sm-2 control-label">SQL</label>
				<div class="col-sm-10">
					<input type="text" id="sqlStr" placeholder="SQL" class="col-4" name="sqlStr" value="SqlStr1">
					
				</div>
			</div>
			<div class="form-group">
				<label for="sqlPart" class="col-sm-2 control-label">SQL Part</label>
				<div class="col-sm-10">
					<input type="text" id="sqlPart" placeholder="SQL Part" class="col-4" name="sqlPart" value="SqlPart1">
					
				</div>
			</div>


			<div class="form-group">
				<div class="col-sm-12">
					<input type="hidden" id="id" name="id" value="5">
					<a class="btn btn-danger btn-sm" href="/ruleName/list">Cancel</a>
					<input class="btn btn-primary btn-sm" type="submit" value="Update Rule">
				</div>
			</div>

		</form>
	</div>

</div>
</body>
</html>
]]></system-out>
  </testcase>
  <testcase name="testUpdateRuleNameErrorForm" classname="com.nnk.springboot.integration.RuleNameControllerIntegrationTest" time="0.012">
    <system-out><![CDATA[Hibernate: select r1_0.id,r1_0.description,r1_0.json,r1_0.name,r1_0.sql_part,r1_0.sql_str,r1_0.template from rule_name r1_0
Hibernate: delete from rule_name where id=?
Hibernate: insert into rule_name (description,json,name,sql_part,sql_str,template) values (?,?,?,?,?,?)
2025-09-06T12:33:43.432+02:00  INFO 16108 --- [           main] c.n.s.services.impl.RuleNameServiceImpl  : RuleName created id=6
2025-09-06T12:33:43.434+02:00  INFO 16108 --- [           main] c.n.s.controllers.RuleNameController     : Updating rule name id: 6
Hibernate: select r1_0.id,r1_0.description,r1_0.json,r1_0.name,r1_0.sql_part,r1_0.sql_str,r1_0.template from rule_name r1_0 where r1_0.id=?
2025-09-06T12:33:43.436+02:00  INFO 16108 --- [           main] c.n.s.services.impl.RuleNameServiceImpl  : RuleName updated id=6
Hibernate: update rule_name set description=?,json=?,name=?,sql_part=?,sql_str=?,template=? where id=?
2025-09-06T12:33:43.437+02:00  INFO 16108 --- [           main] c.n.s.controllers.RuleNameController     : Rule name updated successfully for id: 6

]]></system-out>
  </testcase>
  <testcase name="testUpdateRuleName" classname="com.nnk.springboot.integration.RuleNameControllerIntegrationTest" time="0.013">
    <system-out><![CDATA[Hibernate: select r1_0.id,r1_0.description,r1_0.json,r1_0.name,r1_0.sql_part,r1_0.sql_str,r1_0.template from rule_name r1_0
Hibernate: delete from rule_name where id=?
Hibernate: insert into rule_name (description,json,name,sql_part,sql_str,template) values (?,?,?,?,?,?)
2025-09-06T12:33:43.443+02:00  INFO 16108 --- [           main] c.n.s.services.impl.RuleNameServiceImpl  : RuleName created id=7
2025-09-06T12:33:43.446+02:00  INFO 16108 --- [           main] c.n.s.controllers.RuleNameController     : Updating rule name id: 7
Hibernate: select r1_0.id,r1_0.description,r1_0.json,r1_0.name,r1_0.sql_part,r1_0.sql_str,r1_0.template from rule_name r1_0 where r1_0.id=?
2025-09-06T12:33:43.447+02:00  INFO 16108 --- [           main] c.n.s.services.impl.RuleNameServiceImpl  : RuleName updated id=7
Hibernate: update rule_name set description=?,json=?,name=?,sql_part=?,sql_str=?,template=? where id=?
2025-09-06T12:33:43.449+02:00  INFO 16108 --- [           main] c.n.s.controllers.RuleNameController     : Rule name updated successfully for id: 7

Hibernate: select r1_0.id,r1_0.description,r1_0.json,r1_0.name,r1_0.sql_part,r1_0.sql_str,r1_0.template from rule_name r1_0 where r1_0.id=?
]]></system-out>
  </testcase>
  <testcase name="testDeleteRuleName" classname="com.nnk.springboot.integration.RuleNameControllerIntegrationTest" time="0.011">
    <system-out><![CDATA[Hibernate: select r1_0.id,r1_0.description,r1_0.json,r1_0.name,r1_0.sql_part,r1_0.sql_str,r1_0.template from rule_name r1_0
Hibernate: delete from rule_name where id=?
Hibernate: insert into rule_name (description,json,name,sql_part,sql_str,template) values (?,?,?,?,?,?)
2025-09-06T12:33:43.456+02:00  INFO 16108 --- [           main] c.n.s.services.impl.RuleNameServiceImpl  : RuleName created id=8
2025-09-06T12:33:43.458+02:00  INFO 16108 --- [           main] c.n.s.controllers.RuleNameController     : Deleting rule name id: 8
Hibernate: select r1_0.id,r1_0.description,r1_0.json,r1_0.name,r1_0.sql_part,r1_0.sql_str,r1_0.template from rule_name r1_0 where r1_0.id=?
2025-09-06T12:33:43.459+02:00  INFO 16108 --- [           main] c.n.s.services.impl.RuleNameServiceImpl  : RuleName deleted id=8
Hibernate: delete from rule_name where id=?
2025-09-06T12:33:43.460+02:00  INFO 16108 --- [           main] c.n.s.controllers.RuleNameController     : Rule name deleted successfully for id: 8

Hibernate: select r1_0.id,r1_0.description,r1_0.json,r1_0.name,r1_0.sql_part,r1_0.sql_str,r1_0.template from rule_name r1_0
2025-09-06T12:33:43.462+02:00  INFO 16108 --- [           main] c.n.s.services.impl.RuleNameServiceImpl  : Fetched 0 RuleName entries
]]></system-out>
  </testcase>
</testsuite>