<?xml version="1.0" encoding="UTF-8"?>
<testsuite xmlns:xsi="http://www.w3.org/2001/XMLSchema-instance" xsi:noNamespaceSchemaLocation="https://maven.apache.org/surefire/maven-surefire-plugin/xsd/surefire-test-report-3.0.xsd" version="3.0" name="com.nnk.springboot.integration.TradeControllerIntegrationTest" time="0.105" tests="8" errors="0" skipped="0" failures="0">
  <properties>
[...]
</properties>
  <testcase name="testDeleteTrade" classname="com.nnk.springboot.integration.TradeControllerIntegrationTest" time="0.014">
    <system-out><![CDATA[2025-09-06T12:33:43.464+02:00  INFO 16108 --- [           main] t.c.s.AnnotationConfigContextLoaderUtils : Could not detect default configuration classes for test class [com.nnk.springboot.integration.TradeControllerIntegrationTest]: TradeControllerIntegrationTest does not declare any static, non-private, non-final, nested classes annotated with @Configuration.
2025-09-06T12:33:43.466+02:00  INFO 16108 --- [           main] .b.t.c.SpringBootTestContextBootstrapper : Found @SpringBootConfiguration com.nnk.springboot.Application for test class com.nnk.springboot.integration.TradeControllerIntegrationTest
Hibernate: select t1_0.trade_id,t1_0.account,t1_0.benchmark,t1_0.book,t1_0.buy_price,t1_0.buy_quantity,t1_0.creation_date,t1_0.creation_name,t1_0.deal_name,t1_0.deal_type,t1_0.revision_date,t1_0.revision_name,t1_0.security,t1_0.sell_price,t1_0.sell_quantity,t1_0.side,t1_0.source_list_id,t1_0.status,t1_0.trade_date,t1_0.trader,t1_0.type from trade t1_0
Hibernate: insert into trade (account,benchmark,book,buy_price,buy_quantity,creation_date,creation_name,deal_name,deal_type,revision_date,revision_name,security,sell_price,sell_quantity,side,source_list_id,status,trade_date,trader,type) values (?,?,?,?,?,?,?,?,?,?,?,?,?,?,?,?,?,?,?,?)
2025-09-06T12:33:43.471+02:00  INFO 16108 --- [           main] c.n.s.services.impl.TradeServiceImpl     : Trade saved id=1
2025-09-06T12:33:43.475+02:00  INFO 16108 --- [           main] c.n.s.controllers.TradeController        : Deleting trade id: 1
Hibernate: select t1_0.trade_id,t1_0.account,t1_0.benchmark,t1_0.book,t1_0.buy_price,t1_0.buy_quantity,t1_0.creation_date,t1_0.creation_name,t1_0.deal_name,t1_0.deal_type,t1_0.revision_date,t1_0.revision_name,t1_0.security,t1_0.sell_price,t1_0.sell_quantity,t1_0.side,t1_0.source_list_id,t1_0.status,t1_0.trade_date,t1_0.trader,t1_0.type from trade t1_0 where t1_0.trade_id=?
2025-09-06T12:33:43.476+02:00  INFO 16108 --- [           main] c.n.s.services.impl.TradeServiceImpl     : Trade deleted id=1
Hibernate: delete from trade where trade_id=?
2025-09-06T12:33:43.478+02:00  INFO 16108 --- [           main] c.n.s.controllers.TradeController        : Trade deleted successfully for id: 1

Hibernate: select t1_0.trade_id,t1_0.account,t1_0.benchmark,t1_0.book,t1_0.buy_price,t1_0.buy_quantity,t1_0.creation_date,t1_0.creation_name,t1_0.deal_name,t1_0.deal_type,t1_0.revision_date,t1_0.revision_name,t1_0.security,t1_0.sell_price,t1_0.sell_quantity,t1_0.side,t1_0.source_list_id,t1_0.status,t1_0.trade_date,t1_0.trader,t1_0.type from trade t1_0
2025-09-06T12:33:43.480+02:00  INFO 16108 --- [           main] c.n.s.services.impl.TradeServiceImpl     : Fetched 0 trades
]]></system-out>
  </testcase>
  <testcase name="testUpdateTrade" classname="com.nnk.springboot.integration.TradeControllerIntegrationTest" time="0.015">
    <system-out><![CDATA[Hibernate: select t1_0.trade_id,t1_0.account,t1_0.benchmark,t1_0.book,t1_0.buy_price,t1_0.buy_quantity,t1_0.creation_date,t1_0.creation_name,t1_0.deal_name,t1_0.deal_type,t1_0.revision_date,t1_0.revision_name,t1_0.security,t1_0.sell_price,t1_0.sell_quantity,t1_0.side,t1_0.source_list_id,t1_0.status,t1_0.trade_date,t1_0.trader,t1_0.type from trade t1_0
Hibernate: insert into trade (account,benchmark,book,buy_price,buy_quantity,creation_date,creation_name,deal_name,deal_type,revision_date,revision_name,security,sell_price,sell_quantity,side,source_list_id,status,trade_date,trader,type) values (?,?,?,?,?,?,?,?,?,?,?,?,?,?,?,?,?,?,?,?)
2025-09-06T12:33:43.485+02:00  INFO 16108 --- [           main] c.n.s.services.impl.TradeServiceImpl     : Trade saved id=2
2025-09-06T12:33:43.491+02:00  INFO 16108 --- [           main] c.n.s.controllers.TradeController        : Updating trade id: 2
Hibernate: select t1_0.trade_id,t1_0.account,t1_0.benchmark,t1_0.book,t1_0.buy_price,t1_0.buy_quantity,t1_0.creation_date,t1_0.creation_name,t1_0.deal_name,t1_0.deal_type,t1_0.revision_date,t1_0.revision_name,t1_0.security,t1_0.sell_price,t1_0.sell_quantity,t1_0.side,t1_0.source_list_id,t1_0.status,t1_0.trade_date,t1_0.trader,t1_0.type from trade t1_0 where t1_0.trade_id=?
2025-09-06T12:33:43.493+02:00  INFO 16108 --- [           main] c.n.s.services.impl.TradeServiceImpl     : Trade updated id=2
Hibernate: update trade set account=?,benchmark=?,book=?,buy_price=?,buy_quantity=?,creation_date=?,creation_name=?,deal_name=?,deal_type=?,revision_date=?,revision_name=?,security=?,sell_price=?,sell_quantity=?,side=?,source_list_id=?,status=?,trade_date=?,trader=?,type=? where trade_id=?
2025-09-06T12:33:43.495+02:00  INFO 16108 --- [           main] c.n.s.controllers.TradeController        : Trade updated successfully for id: 2

Hibernate: select t1_0.trade_id,t1_0.account,t1_0.benchmark,t1_0.book,t1_0.buy_price,t1_0.buy_quantity,t1_0.creation_date,t1_0.creation_name,t1_0.deal_name,t1_0.deal_type,t1_0.revision_date,t1_0.revision_name,t1_0.security,t1_0.sell_price,t1_0.sell_quantity,t1_0.side,t1_0.source_list_id,t1_0.status,t1_0.trade_date,t1_0.trader,t1_0.type from trade t1_0 where t1_0.trade_id=?
]]></system-out>
  </testcase>
  <testcase name="testUpdateTradeErrorForm" classname="com.nnk.springboot.integration.TradeControllerIntegrationTest" time="0.01">
    <system-out><![CDATA[Hibernate: select t1_0.trade_id,t1_0.account,t1_0.benchmark,t1_0.book,t1_0.buy_price,t1_0.buy_quantity,t1_0.creation_date,t1_0.creation_name,t1_0.deal_name,t1_0.deal_type,t1_0.revision_date,t1_0.revision_name,t1_0.security,t1_0.sell_price,t1_0.sell_quantity,t1_0.side,t1_0.source_list_id,t1_0.status,t1_0.trade_date,t1_0.trader,t1_0.type from trade t1_0
Hibernate: delete from trade where trade_id=?
Hibernate: insert into trade (account,benchmark,book,buy_price,buy_quantity,creation_date,creation_name,deal_name,deal_type,revision_date,revision_name,security,sell_price,sell_quantity,side,source_list_id,status,trade_date,trader,type) values (?,?,?,?,?,?,?,?,?,?,?,?,?,?,?,?,?,?,?,?)
2025-09-06T12:33:43.502+02:00  INFO 16108 --- [           main] c.n.s.services.impl.TradeServiceImpl     : Trade saved id=3
2025-09-06T12:33:43.505+02:00  INFO 16108 --- [           main] c.n.s.controllers.TradeController        : Updating trade id: 3
Hibernate: select t1_0.trade_id,t1_0.account,t1_0.benchmark,t1_0.book,t1_0.buy_price,t1_0.buy_quantity,t1_0.creation_date,t1_0.creation_name,t1_0.deal_name,t1_0.deal_type,t1_0.revision_date,t1_0.revision_name,t1_0.security,t1_0.sell_price,t1_0.sell_quantity,t1_0.side,t1_0.source_list_id,t1_0.status,t1_0.trade_date,t1_0.trader,t1_0.type from trade t1_0 where t1_0.trade_id=?
2025-09-06T12:33:43.505+02:00  INFO 16108 --- [           main] c.n.s.services.impl.TradeServiceImpl     : Trade updated id=3
2025-09-06T12:33:43.507+02:00  INFO 16108 --- [           main] c.n.s.controllers.TradeController        : Trade updated successfully for id: 3

]]></system-out>
  </testcase>
  <testcase name="testShowUpdateForm" classname="com.nnk.springboot.integration.TradeControllerIntegrationTest" time="0.013">
    <system-out><![CDATA[Hibernate: select t1_0.trade_id,t1_0.account,t1_0.benchmark,t1_0.book,t1_0.buy_price,t1_0.buy_quantity,t1_0.creation_date,t1_0.creation_name,t1_0.deal_name,t1_0.deal_type,t1_0.revision_date,t1_0.revision_name,t1_0.security,t1_0.sell_price,t1_0.sell_quantity,t1_0.side,t1_0.source_list_id,t1_0.status,t1_0.trade_date,t1_0.trader,t1_0.type from trade t1_0
Hibernate: delete from trade where trade_id=?
Hibernate: insert into trade (account,benchmark,book,buy_price,buy_quantity,creation_date,creation_name,deal_name,deal_type,revision_date,revision_name,security,sell_price,sell_quantity,side,source_list_id,status,trade_date,trader,type) values (?,?,?,?,?,?,?,?,?,?,?,?,?,?,?,?,?,?,?,?)
2025-09-06T12:33:43.514+02:00  INFO 16108 --- [           main] c.n.s.services.impl.TradeServiceImpl     : Trade saved id=4
2025-09-06T12:33:43.517+02:00  INFO 16108 --- [           main] c.n.s.controllers.TradeController        : Displaying update form for trade id: 4
Hibernate: select t1_0.trade_id,t1_0.account,t1_0.benchmark,t1_0.book,t1_0.buy_price,t1_0.buy_quantity,t1_0.creation_date,t1_0.creation_name,t1_0.deal_name,t1_0.deal_type,t1_0.revision_date,t1_0.revision_name,t1_0.security,t1_0.sell_price,t1_0.sell_quantity,t1_0.side,t1_0.source_list_id,t1_0.status,t1_0.trade_date,t1_0.trader,t1_0.type from trade t1_0 where t1_0.trade_id=?
<!DOCTYPE html>
<html xmlns="http://www.w3.org/1999/xhtml">
<head>
<meta charset="utf-8"/>
<title>Home</title>
<link rel="stylesheet" href="../../css/bootstrap.min.css" >
</head>
<body>
<div class="container">
	<div class="row">
		<h2>Update Trade</h2>
	</div>

	<div class="row">
		<form action="/trade/update/4" method="post" class="form-horizontal" style="width: 100%"><input type="hidden" name="_csrf" value="FssnnhubIHUoR3C0R1l3R_CZm3FiLZo8Pyl7WR19VYTA113AJK8e-yn_RhEFIRbWJXRDIsD_tklRHvgRXhtMYX5EMOek4Wz4"/>
			<div class="form-group">
				<label for="account" class="col-sm-2 control-label">Account</label>
				<div class="col-sm-10">
					<input type="text" id="account" placeholder="Account" class="col-4" name="account" value="Account1">
					
				</div>
			</div>
			<div class="form-group">
				<label for="type" class="col-sm-2 control-label">Type</label>
				<div class="col-sm-10">
					<input type="text" id="type" placeholder="Type" class="col-4" name="type" value="Type1">
					
				</div>
			</div>
			<div class="form-group">
				<label for="buyQuantity" class="col-sm-2 control-label">Buy Quantity</label>
				<div class="col-sm-10">
					<input type="number" id="buyQuantity" placeholder="Buy Quantity" class="col-4" name="buyQuantity" value="100.0">
					
				</div>
			</div>


			<div class="form-group">
				<div class="col-sm-12">
					<input type="hidden" id="tradeId" name="tradeId" value="4">
					<a class="btn btn-danger btn-sm" href="/trade/list">Cancel</a>
					<input class="btn btn-primary btn-sm" type="submit" value="Update Trade">
				</div>
			</div>
		</form>
	</div>

</div>
</body>
</html>
]]></system-out>
  </testcase>
  <testcase name="testValidateTradeErrorForm" classname="com.nnk.springboot.integration.TradeControllerIntegrationTest" time="0.008">
    <system-out><![CDATA[Hibernate: select t1_0.trade_id,t1_0.account,t1_0.benchmark,t1_0.book,t1_0.buy_price,t1_0.buy_quantity,t1_0.creation_date,t1_0.creation_name,t1_0.deal_name,t1_0.deal_type,t1_0.revision_date,t1_0.revision_name,t1_0.security,t1_0.sell_price,t1_0.sell_quantity,t1_0.side,t1_0.source_list_id,t1_0.status,t1_0.trade_date,t1_0.trader,t1_0.type from trade t1_0
Hibernate: delete from trade where trade_id=?
2025-09-06T12:33:43.528+02:00  INFO 16108 --- [           main] c.n.s.controllers.TradeController        : Validating new trade
Hibernate: insert into trade (account,benchmark,book,buy_price,buy_quantity,creation_date,creation_name,deal_name,deal_type,revision_date,revision_name,security,sell_price,sell_quantity,side,source_list_id,status,trade_date,trader,type) values (?,?,?,?,?,?,?,?,?,?,?,?,?,?,?,?,?,?,?,?)
2025-09-06T12:33:43.529+02:00  INFO 16108 --- [           main] c.n.s.services.impl.TradeServiceImpl     : Trade saved id=5
2025-09-06T12:33:43.530+02:00  INFO 16108 --- [           main] c.n.s.controllers.TradeController        : Trade created successfully

]]></system-out>
  </testcase>
  <testcase name="testValidateTrade" classname="com.nnk.springboot.integration.TradeControllerIntegrationTest" time="0.011">
    <system-out><![CDATA[Hibernate: select t1_0.trade_id,t1_0.account,t1_0.benchmark,t1_0.book,t1_0.buy_price,t1_0.buy_quantity,t1_0.creation_date,t1_0.creation_name,t1_0.deal_name,t1_0.deal_type,t1_0.revision_date,t1_0.revision_name,t1_0.security,t1_0.sell_price,t1_0.sell_quantity,t1_0.side,t1_0.source_list_id,t1_0.status,t1_0.trade_date,t1_0.trader,t1_0.type from trade t1_0
Hibernate: delete from trade where trade_id=?
Hibernate: select t1_0.trade_id,t1_0.account,t1_0.benchmark,t1_0.book,t1_0.buy_price,t1_0.buy_quantity,t1_0.creation_date,t1_0.creation_name,t1_0.deal_name,t1_0.deal_type,t1_0.revision_date,t1_0.revision_name,t1_0.security,t1_0.sell_price,t1_0.sell_quantity,t1_0.side,t1_0.source_list_id,t1_0.status,t1_0.trade_date,t1_0.trader,t1_0.type from trade t1_0
2025-09-06T12:33:43.538+02:00  INFO 16108 --- [           main] c.n.s.controllers.TradeController        : Validating new trade
Hibernate: insert into trade (account,benchmark,book,buy_price,buy_quantity,creation_date,creation_name,deal_name,deal_type,revision_date,revision_name,security,sell_price,sell_quantity,side,source_list_id,status,trade_date,trader,type) values (?,?,?,?,?,?,?,?,?,?,?,?,?,?,?,?,?,?,?,?)
2025-09-06T12:33:43.539+02:00  INFO 16108 --- [           main] c.n.s.services.impl.TradeServiceImpl     : Trade saved id=6
2025-09-06T12:33:43.541+02:00  INFO 16108 --- [           main] c.n.s.controllers.TradeController        : Trade created successfully

Hibernate: select t1_0.trade_id,t1_0.account,t1_0.benchmark,t1_0.book,t1_0.buy_price,t1_0.buy_quantity,t1_0.creation_date,t1_0.creation_name,t1_0.deal_name,t1_0.deal_type,t1_0.revision_date,t1_0.revision_name,t1_0.security,t1_0.sell_price,t1_0.sell_quantity,t1_0.side,t1_0.source_list_id,t1_0.status,t1_0.trade_date,t1_0.trader,t1_0.type from trade t1_0
]]></system-out>
  </testcase>
  <testcase name="testAddTradeForm" classname="com.nnk.springboot.integration.TradeControllerIntegrationTest" time="0.008">
    <system-out><![CDATA[Hibernate: select t1_0.trade_id,t1_0.account,t1_0.benchmark,t1_0.book,t1_0.buy_price,t1_0.buy_quantity,t1_0.creation_date,t1_0.creation_name,t1_0.deal_name,t1_0.deal_type,t1_0.revision_date,t1_0.revision_name,t1_0.security,t1_0.sell_price,t1_0.sell_quantity,t1_0.side,t1_0.source_list_id,t1_0.status,t1_0.trade_date,t1_0.trader,t1_0.type from trade t1_0
Hibernate: delete from trade where trade_id=?
2025-09-06T12:33:43.549+02:00  INFO 16108 --- [           main] c.n.s.controllers.TradeController        : Displaying add trade form
<!DOCTYPE html>
<html xmlns="http://www.w3.org/1999/xhtml">
<head>
<meta charset="utf-8"/>
<title>Home</title>
<link rel="stylesheet" href="../../css/bootstrap.min.css" >
</head>
<body>
<div class="container">

	<div class="row">
		<h2>Add New Trade</h2>
	</div>

	<div class="row">
		<form action="/trade/validate" method="post" class="form-horizontal" style="width: 100%"><input type="hidden" name="_csrf" value="pmEaI0o0nNb5WtYYGPDzPCB-zUmNHRChCETxXG-Mt1NPAfDbkFYoEShXpeLUOLd-IN3HDRNN4HC6KXSMP3LJPl651WstM5a-"/>
			<div class="form-group">
				<label for="account" class="col-sm-2 control-label">Account</label>
				<div class="col-sm-10">
					<input type="text" id="account" placeholder="Account" class="col-4" name="account" value="">
					
				</div>
			</div>
			<div class="form-group">
				<label for="type" class="col-sm-2 control-label">Type</label>
				<div class="col-sm-10">
					<input type="text" id="type" placeholder="Type" class="col-4" name="type" value="">
					
				</div>
			</div>
			<div class="form-group">
				<label for="buyQuantity" class="col-sm-2 control-label">Buy Quantity</label>
				<div class="col-sm-10">
					<input type="number" id="buyQuantity" placeholder="Buy Quantity" class="col-4" name="buyQuantity" value="">
					
				</div>
			</div>


			<div class="form-group">
				<div class="col-sm-12">
					<a class="btn btn-danger btn-sm" href="/trade/list">Cancel</a>
					<input class="btn btn-primary btn-sm" type="submit" value="Add Trade">
				</div>
			</div>
		</form>
	</div>

</div>
</body>
</html>
]]></system-out>
  </testcase>
  <testcase name="testGetTradeList" classname="com.nnk.springboot.integration.TradeControllerIntegrationTest" time="0.015">
    <system-out><![CDATA[Hibernate: select t1_0.trade_id,t1_0.account,t1_0.benchmark,t1_0.book,t1_0.buy_price,t1_0.buy_quantity,t1_0.creation_date,t1_0.creation_name,t1_0.deal_name,t1_0.deal_type,t1_0.revision_date,t1_0.revision_name,t1_0.security,t1_0.sell_price,t1_0.sell_quantity,t1_0.side,t1_0.source_list_id,t1_0.status,t1_0.trade_date,t1_0.trader,t1_0.type from trade t1_0
Hibernate: insert into trade (account,benchmark,book,buy_price,buy_quantity,creation_date,creation_name,deal_name,deal_type,revision_date,revision_name,security,sell_price,sell_quantity,side,source_list_id,status,trade_date,trader,type) values (?,?,?,?,?,?,?,?,?,?,?,?,?,?,?,?,?,?,?,?)
2025-09-06T12:33:43.556+02:00  INFO 16108 --- [           main] c.n.s.services.impl.TradeServiceImpl     : Trade saved id=7
Hibernate: insert into trade (account,benchmark,book,buy_price,buy_quantity,creation_date,creation_name,deal_name,deal_type,revision_date,revision_name,security,sell_price,sell_quantity,side,source_list_id,status,trade_date,trader,type) values (?,?,?,?,?,?,?,?,?,?,?,?,?,?,?,?,?,?,?,?)
2025-09-06T12:33:43.559+02:00  INFO 16108 --- [           main] c.n.s.services.impl.TradeServiceImpl     : Trade saved id=8
2025-09-06T12:33:43.561+02:00  INFO 16108 --- [           main] c.n.s.controllers.TradeController        : Displaying trade list
Hibernate: select t1_0.trade_id,t1_0.account,t1_0.benchmark,t1_0.book,t1_0.buy_price,t1_0.buy_quantity,t1_0.creation_date,t1_0.creation_name,t1_0.deal_name,t1_0.deal_type,t1_0.revision_date,t1_0.revision_name,t1_0.security,t1_0.sell_price,t1_0.sell_quantity,t1_0.side,t1_0.source_list_id,t1_0.status,t1_0.trade_date,t1_0.trader,t1_0.type from trade t1_0
2025-09-06T12:33:43.562+02:00  INFO 16108 --- [           main] c.n.s.services.impl.TradeServiceImpl     : Fetched 2 trades
<!DOCTYPE html>
<html xmlns="http://www.w3.org/1999/xhtml">
<head>
<meta charset="utf-8"/>
<title>Home</title>
<link rel="stylesheet" href="../../css/bootstrap.min.css" >
</head>
<body>
<div class="container">
	<div class="row">
		<div class="col-6">
			<a href="/bidList/list">Bid List</a>&nbsp;|&nbsp;
			<a href="/curvePoint/list">Curve Points</a>&nbsp;|&nbsp;
			<a href="/rating/list">Ratings</a>&nbsp;|&nbsp;
			<a href="/trade/list">Trade</a>&nbsp;|&nbsp;
			<a href="/ruleName/list">Rule</a>
		</div>
		<div class="col-6 text-right">
			Logged in user:
			<b class="user">testuser</b>
			<form action="/app-logout" method="POST"><input type="hidden" name="_csrf" value="ZhRYbXxTFJ2a5yoWPCtQZHQPnZabg4_iO5hjCqmvergMFIW3UCFsDB8xIa231xp0WQZkBUU7sPSit7nPD_wBac2dGYw0ILHT"/>
				<input type="submit" value="Logout"/>
			</form>
		</div>
	</div>
	<div class="row"><h2>Trade List</h2></div>
	<div class="row">
		<a href="/trade/add" class="btn btn-primary btn-sm">Add New</a>
		<table class="table table-bordered">
			<thead>
				<tr>
					<th>Id</th>
					<th>Account</th>
					<th>Type</th>
					<th>Buy Quantity</th>
					<th>Action</th>
				</tr>
			</thead>
			<tbody>
				<tr>
					<td style="width: 10%">7</td>
					<td>Account1</td>
					<td>Type1</td>
					<td>100.0</td>
					<td style="width: 15%" class="text-center">
						<a href="/trade/update/7">Edit</a>&nbsp;|&nbsp;
						<a href="/trade/delete/7">Delete</a>
					</td>
				</tr>
				<tr>
					<td style="width: 10%">8</td>
					<td>Account2</td>
					<td>Type2</td>
					<td>200.0</td>
					<td style="width: 15%" class="text-center">
						<a href="/trade/update/8">Edit</a>&nbsp;|&nbsp;
						<a href="/trade/delete/8">Delete</a>
					</td>
				</tr>
			</tbody>
		</table>
	</div>
</div>
</body>
</html>
]]></system-out>
  </testcase>
</testsuite>